<?xml version="1.0" encoding="UTF-8"?>
<!-- Generated by org.testng.reporters.JUnitReportReporter -->
<testsuite skipped="0" hostname="RAMU-PC" name="com.fb.testcases.LoginPageTest" tests="2" failures="0" timestamp="13 Feb 2019 11:02:01 GMT" time="48.851" errors="0">
  <testcase name="loginTest" time="36.652" classname="com.fb.testcases.LoginPageTest"/>
  <testcase name="loginPageTitleTest" time="12.199" classname="com.fb.testcases.LoginPageTest"/>
</testsuite> <!-- com.fb.testcases.LoginPageTest -->
