<?xml version="1.0" encoding="UTF-8"?>
<!-- Generated by org.testng.reporters.JUnitReportReporter -->
<testsuite skipped="0" hostname="RAMU-PC" name="com.fb.testcases.LoginPageTest" tests="2" failures="0" timestamp="06 Mar 2019 13:57:51 GMT" time="110.613" errors="0">
  <testcase name="loginTest" time="87.418" classname="com.fb.testcases.LoginPageTest"/>
  <testcase name="loginPageTitleTest" time="23.195" classname="com.fb.testcases.LoginPageTest"/>
</testsuite> <!-- com.fb.testcases.LoginPageTest -->
