<?xml version="1.0" encoding="UTF-8"?>
<!-- Generated by org.testng.reporters.JUnitReportReporter -->
<testsuite skipped="0" hostname="RAMU-PC" name="com.fb.testcases.LoginPageTest" tests="2" failures="0" timestamp="11 Feb 2019 14:49:46 GMT" time="67.647" errors="0">
  <testcase name="loginTest" time="53.144" classname="com.fb.testcases.LoginPageTest"/>
  <testcase name="loginPageTitleTest" time="14.503" classname="com.fb.testcases.LoginPageTest"/>
</testsuite> <!-- com.fb.testcases.LoginPageTest -->
